#
# There is insufficient memory for the Java Runtime Environment to continue.
# Native memory allocation (mmap) failed to map 177209344 bytes for Failed to commit area from 0x0000000090300000 to 0x000000009ac00000 of length 177209344.
# Possible reasons:
#   The system is out of physical RAM or swap space
#   The process is running with CompressedOops enabled, and the Java Heap may be blocking the growth of the native heap
# Possible solutions:
#   Reduce memory load on the system
#   Increase physical memory or swap space
#   Check if swap backing store is full
#   Decrease Java heap size (-Xmx/-Xms)
#   Decrease number of Java threads
#   Decrease Java thread stack sizes (-Xss)
#   Set larger code cache with -XX:ReservedCodeCacheSize=
#   JVM is running with Unscaled Compressed Oops mode in which the Java heap is
#     placed in the first 4GB address space. The Java Heap base address is the
#     maximum limit for the native heap growth. Please use -XX:HeapBaseMinAddress
#     to set the Java Heap base and to place the Java Heap above 4GB virtual address.
# This output file may be truncated or incomplete.
#
#  Out of Memory Error (t:/workspace/open/src/hotspot/os/windows/os_windows.cpp:3301), pid=4180, tid=4124
#
# JRE version: Java(TM) SE Runtime Environment (13.0.2+8) (build 13.0.2+8)
# Java VM: Java HotSpot(TM) 64-Bit Server VM (13.0.2+8, mixed mode, sharing, tiered, compressed oops, g1 gc, windows-amd64)
# No core dump will be written. Minidumps are not enabled by default on client versions of Windows
#

---------------  S U M M A R Y ------------

Command Line: -Dclassworlds.conf=C:\Program Files\NetBeans-11.2\netbeans\java\maven\bin\m2.conf -Dmaven.home=C:\Program Files\NetBeans-11.2\netbeans\java\maven -Dmaven.multiModuleProjectDirectory=D:\CTS\ctsnew org.codehaus.plexus.classworlds.launcher.Launcher -Dspring-boot.run.jvmArguments=-noverify -XX:TieredStopAtLevel=1 -Dspring-boot.run.mainClass=com.sprsecu.sprjwtangu.SprjwtanguApplication -Dmaven.ext.class.path=C:\Program Files\NetBeans-11.2\netbeans\java\maven-nblib\netbeans-eventspy.jar -Dfile.encoding=UTF-8 spring-boot:run

Host: Intel(R) Core(TM) i5-3320M CPU @ 2.60GHz, 4 cores, 7G,  Windows 10 , 64 bit Build 19041 (10.0.19041.928)
Time: Fri May 14 11:26:32 2021 Eastern Daylight Time elapsed time: 15 seconds (0d 0h 0m 15s)

---------------  T H R E A D  ---------------

Current thread (0x00000191dcd04000):  VMThread "VM Thread" [stack: 0x00000033d2300000,0x00000033d2400000] [id=4124]

Stack: [0x00000033d2300000,0x00000033d2400000]
[error occurred during error reporting (printing stack bounds), id 0xc0000005, EXCEPTION_ACCESS_VIOLATION (0xc0000005) at pc=0x00000191c64b10ad]

Native frames: (J=compiled Java code, j=interpreted, Vv=VM code, C=native code)
V  [jvm.dll+0x624f9a]
V  [jvm.dll+0x770cfa]
V  [jvm.dll+0x7724af]
V  [jvm.dll+0x772a15]
V  [jvm.dll+0x7729cb]
V  [jvm.dll+0x6244df]
C  [ntdll.dll+0x78a4c]
C  [ntdll.dll+0x51276]
C  [ntdll.dll+0xa0cae]
C  0x00000191c64b10ad

VM_Operation (0x00000033d1dfc4f0): G1CollectForAllocation, mode: safepoint, requested by thread 0x00000191bdf9a000


---------------  P R O C E S S  ---------------

Threads class SMR info:
_java_thread_list=0x00000191e041bbc0, length=11, elements={
0x00000191bdf9a000, 0x00000191dcd09800, 0x00000191dcd0d000, 0x00000191dcd27800,
0x00000191dcd29800, 0x00000191dcd2b000, 0x00000191dcd32800, 0x00000191dcd3c800,
0x00000191dd787000, 0x00000191dd793800, 0x00000191dfc12800
}

Java Threads: ( => current thread )
  0x00000191bdf9a000 JavaThread "main" [_thread_blocked, id=11124, stack(0x00000033d1d00000,0x00000033d1e00000)]
  0x00000191dcd09800 JavaThread "Reference Handler" daemon [_thread_blocked, id=1960, stack(0x00000033d2400000,0x00000033d2500000)]
  0x00000191dcd0d000 JavaThread "Finalizer" daemon [_thread_blocked, id=10312, stack(0x00000033d2500000,0x00000033d2600000)]
  0x00000191dcd27800 JavaThread "Signal Dispatcher" daemon [_thread_blocked, id=7324, stack(0x00000033d2600000,0x00000033d2700000)]
  0x00000191dcd29800 JavaThread "Attach Listener" daemon [_thread_blocked, id=9352, stack(0x00000033d2700000,0x00000033d2800000)]
  0x00000191dcd2b000 JavaThread "C2 CompilerThread0" daemon [_thread_in_native, id=10856, stack(0x00000033d2800000,0x00000033d2900000)]
  0x00000191dcd32800 JavaThread "C1 CompilerThread0" daemon [_thread_blocked, id=10936, stack(0x00000033d2900000,0x00000033d2a00000)]
  0x00000191dcd3c800 JavaThread "Sweeper thread" daemon [_thread_blocked, id=8936, stack(0x00000033d2a00000,0x00000033d2b00000)]
  0x00000191dd787000 JavaThread "Service Thread" daemon [_thread_blocked, id=6076, stack(0x00000033d2b00000,0x00000033d2c00000)]
  0x00000191dd793800 JavaThread "Common-Cleaner" daemon [_thread_blocked, id=9464, stack(0x00000033d2d00000,0x00000033d2e00000)]
  0x00000191dfc12800 JavaThread "C2 CompilerThread1" daemon [_thread_in_native, id=10520, stack(0x00000033d3000000,0x00000033d3100000)]

Other Threads:
=>0x00000191dcd04000 VMThread "VM Thread" [stack: 0x00000033d2300000,0x00000033d2400000] [id=4124]
  0x00000191dd78d000 WatcherThread [stack: 0x00000033d2c00000,0x00000033d2d00000] [id=2216]
  0x00000191bdfdf000 GCTaskThread "GC Thread#0" [stack: 0x00000033d1e00000,0x00000033d1f00000] [id=11128]
  0x00000191ddccc000 GCTaskThread "GC Thread#1" [stack: 0x00000033d2e00000,0x00000033d2f00000] [id=5184]
  0x00000191ddcd9000 GCTaskThread "GC Thread#2" [stack: 0x00000033d2f00000,0x00000033d3000000] [id=9872]
  0x00000191e065d000 GCTaskThread "GC Thread#3" [stack: 0x00000033d3100000,0x00000033d3200000] [id=5352]
  0x00000191bdff0800 ConcurrentGCThread "G1 Main Marker" [stack: 0x00000033d1f00000,0x00000033d2000000] [id=8456]
  0x00000191bdff3800 ConcurrentGCThread "G1 Conc#0" [stack: 0x00000033d2000000,0x00000033d2100000] [id=10252]
  0x00000191dcb90800 ConcurrentGCThread "G1 Refine#0" [stack: 0x00000033d2100000,0x00000033d2200000] [id=5164]
  0x00000191e0d5f800 ConcurrentGCThread "G1 Refine#1" [stack: 0x00000033d3200000,0x00000033d3300000] [id=1804]
  0x00000191be071000 ConcurrentGCThread "G1 Young RemSet Sampling" [stack: 0x00000033d2200000,0x00000033d2300000] [id=7180]

Threads with active compile tasks:
C2 CompilerThread0    15863 7275   !   4       com.sun.tools.javac.code.Symbol$ClassSymbol::complete (52 bytes)
C2 CompilerThread1    15863 7293       4       com.sun.tools.javac.code.Symbol::complete (30 bytes)

VM state:at safepoint (normal execution)

VM Mutex/Monitor currently owned by a thread:  ([mutex/lock_event])
[0x00000191bdf96a50] Threads_lock - owner thread: 0x00000191dcd04000
[0x00000191bdf96030] Heap_lock - owner thread: 0x00000191bdf9a000

Heap address: 0x0000000082200000, size: 2014 MB, Compressed Oops mode: 32-bit
Narrow klass base: 0x0000000800000000, Narrow klass shift: 3
Compressed class space size: 1073741824 Address: 0x0000000800b40000

Heap:
 garbage-first heap   total 403456K, used 94790K [0x0000000082200000, 0x0000000100000000)
  region size 1024K, 11 young (11264K), 11 survivors (11264K)
 Metaspace       used 26873K, capacity 27617K, committed 27900K, reserved 1073152K
  class space    used 2902K, capacity 3172K, committed 3324K, reserved 1048576K
Heap Regions: E=young(eden), S=young(survivor), O=old, HS=humongous(starts), HC=humongous(continues), CS=collection set, F=free, A=archive, TAMS=top-at-mark-start (previous, next)
|   0|0x0000000082200000, 0x0000000082300000, 0x0000000082300000|100%| O|  |TAMS 0x0000000082300000, 0x0000000082200000| Untracked 
|   1|0x0000000082300000, 0x0000000082400000, 0x0000000082400000|100%| O|  |TAMS 0x0000000082400000, 0x0000000082300000| Untracked 
|   2|0x0000000082400000, 0x0000000082500000, 0x0000000082500000|100%| O|  |TAMS 0x0000000082500000, 0x0000000082400000| Untracked 
|   3|0x0000000082500000, 0x0000000082600000, 0x0000000082600000|100%| O|  |TAMS 0x0000000082600000, 0x0000000082500000| Untracked 
|   4|0x0000000082600000, 0x0000000082700000, 0x0000000082700000|100%| O|  |TAMS 0x0000000082700000, 0x0000000082600000| Untracked 
|   5|0x0000000082700000, 0x0000000082800000, 0x0000000082800000|100%| O|  |TAMS 0x0000000082800000, 0x0000000082700000| Untracked 
|   6|0x0000000082800000, 0x0000000082900000, 0x0000000082900000|100%| O|  |TAMS 0x0000000082900000, 0x0000000082800000| Untracked 
|   7|0x0000000082900000, 0x0000000082a00000, 0x0000000082a00000|100%| O|  |TAMS 0x0000000082a00000, 0x0000000082900000| Untracked 
|   8|0x0000000082a00000, 0x0000000082b00000, 0x0000000082b00000|100%| O|  |TAMS 0x0000000082b00000, 0x0000000082a00000| Untracked 
|   9|0x0000000082b00000, 0x0000000082c00000, 0x0000000082c00000|100%| O|  |TAMS 0x0000000082c00000, 0x0000000082b00000| Untracked 
|  10|0x0000000082c00000, 0x0000000082d00000, 0x0000000082d00000|100%| O|  |TAMS 0x0000000082d00000, 0x0000000082c00000| Untracked 
|  11|0x0000000082d00000, 0x0000000082e00000, 0x0000000082e00000|100%| O|  |TAMS 0x0000000082e00000, 0x0000000082d00000| Untracked 
|  12|0x0000000082e00000, 0x0000000082f00000, 0x0000000082f00000|100%| O|  |TAMS 0x0000000082f00000, 0x0000000082e00000| Untracked 
|  13|0x0000000082f00000, 0x0000000083000000, 0x0000000083000000|100%| O|  |TAMS 0x0000000083000000, 0x0000000082f00000| Untracked 
|  14|0x0000000083000000, 0x0000000083100000, 0x0000000083100000|100%|HS|  |TAMS 0x0000000083100000, 0x0000000083000000| Complete 
|  15|0x0000000083100000, 0x0000000083200000, 0x0000000083200000|100%| O|  |TAMS 0x0000000083200000, 0x0000000083100000| Untracked 
|  16|0x0000000083200000, 0x0000000083300000, 0x0000000083300000|100%| O|  |TAMS 0x0000000083300000, 0x0000000083200000| Untracked 
|  17|0x0000000083300000, 0x0000000083400000, 0x0000000083400000|100%| O|  |TAMS 0x0000000083400000, 0x0000000083300000| Untracked 
|  18|0x0000000083400000, 0x0000000083500000, 0x0000000083500000|100%| O|  |TAMS 0x0000000083500000, 0x0000000083400000| Untracked 
|  19|0x0000000083500000, 0x0000000083600000, 0x0000000083600000|100%| O|  |TAMS 0x0000000083600000, 0x0000000083500000| Untracked 
|  20|0x0000000083600000, 0x00000000836ace00, 0x0000000083700000| 67%| O|  |TAMS 0x00000000836ace00, 0x0000000083600000| Untracked 
|  21|0x0000000083700000, 0x0000000083800000, 0x0000000083800000|100%|HS|  |TAMS 0x0000000083800000, 0x0000000083700000| Complete 
|  22|0x0000000083800000, 0x0000000083900000, 0x0000000083900000|100%| O|  |TAMS 0x0000000083900000, 0x0000000083800000| Untracked 
|  23|0x0000000083900000, 0x0000000083a00000, 0x0000000083a00000|100%| O|  |TAMS 0x0000000083a00000, 0x0000000083900000| Untracked 
|  24|0x0000000083a00000, 0x0000000083b00000, 0x0000000083b00000|100%| O|  |TAMS 0x0000000083b00000, 0x0000000083a00000| Untracked 
|  25|0x0000000083b00000, 0x0000000083c00000, 0x0000000083c00000|100%| O|  |TAMS 0x0000000083c00000, 0x0000000083b00000| Untracked 
|  26|0x0000000083c00000, 0x0000000083d00000, 0x0000000083d00000|100%| O|  |TAMS 0x0000000083d00000, 0x0000000083c00000| Untracked 
|  27|0x0000000083d00000, 0x0000000083e00000, 0x0000000083e00000|100%| O|  |TAMS 0x0000000083e00000, 0x0000000083d00000| Untracked 
|  28|0x0000000083e00000, 0x0000000083f00000, 0x0000000083f00000|100%| O|  |TAMS 0x0000000083f00000, 0x0000000083e00000| Untracked 
|  29|0x0000000083f00000, 0x0000000084000000, 0x0000000084000000|100%| O|  |TAMS 0x0000000084000000, 0x0000000083f00000| Untracked 
|  30|0x0000000084000000, 0x0000000084100000, 0x0000000084100000|100%| O|  |TAMS 0x0000000084100000, 0x0000000084000000| Untracked 
|  31|0x0000000084100000, 0x0000000084200000, 0x0000000084200000|100%| O|  |TAMS 0x0000000084200000, 0x0000000084100000| Untracked 
|  32|0x0000000084200000, 0x0000000084300000, 0x0000000084300000|100%| O|  |TAMS 0x0000000084300000, 0x0000000084200000| Untracked 
|  33|0x0000000084300000, 0x0000000084400000, 0x0000000084400000|100%| O|  |TAMS 0x0000000084400000, 0x0000000084300000| Untracked 
|  34|0x0000000084400000, 0x0000000084500000, 0x0000000084500000|100%| O|  |TAMS 0x0000000084500000, 0x0000000084400000| Untracked 
|  35|0x0000000084500000, 0x0000000084600000, 0x0000000084600000|100%| O|  |TAMS 0x0000000084600000, 0x0000000084500000| Untracked 
|  36|0x0000000084600000, 0x0000000084700000, 0x0000000084700000|100%| O|  |TAMS 0x0000000084700000, 0x0000000084600000| Untracked 
|  37|0x0000000084700000, 0x0000000084800000, 0x0000000084800000|100%| O|  |TAMS 0x0000000084800000, 0x0000000084700000| Untracked 
|  38|0x0000000084800000, 0x0000000084900000, 0x0000000084900000|100%| O|  |TAMS 0x0000000084900000, 0x0000000084800000| Untracked 
|  39|0x0000000084900000, 0x0000000084a00000, 0x0000000084a00000|100%| O|  |TAMS 0x0000000084a00000, 0x0000000084900000| Untracked 
|  40|0x0000000084a00000, 0x0000000084b00000, 0x0000000084b00000|100%| O|  |TAMS 0x0000000084b00000, 0x0000000084a00000| Untracked 
|  41|0x0000000084b00000, 0x0000000084c00000, 0x0000000084c00000|100%| O|  |TAMS 0x0000000084c00000, 0x0000000084b00000| Untracked 
|  42|0x0000000084c00000, 0x0000000084d00000, 0x0000000084d00000|100%| O|  |TAMS 0x0000000084d00000, 0x0000000084c00000| Untracked 
|  43|0x0000000084d00000, 0x0000000084e00000, 0x0000000084e00000|100%| O|  |TAMS 0x0000000084e00000, 0x0000000084d00000| Untracked 
|  44|0x0000000084e00000, 0x0000000084f00000, 0x0000000084f00000|100%|HS|  |TAMS 0x0000000084f00000, 0x0000000084e00000| Complete 
|  45|0x0000000084f00000, 0x0000000085000000, 0x0000000085000000|100%| O|  |TAMS 0x0000000085000000, 0x0000000084f00000| Untracked 
|  46|0x0000000085000000, 0x0000000085100000, 0x0000000085100000|100%| O|  |TAMS 0x0000000085100000, 0x0000000085000000| Untracked 
|  47|0x0000000085100000, 0x0000000085200000, 0x0000000085200000|100%| O|  |TAMS 0x0000000085200000, 0x0000000085100000| Untracked 
|  48|0x0000000085200000, 0x0000000085300000, 0x0000000085300000|100%| O|  |TAMS 0x0000000085300000, 0x0000000085200000| Untracked 
|  49|0x0000000085300000, 0x0000000085400000, 0x0000000085400000|100%| O|  |TAMS 0x0000000085400000, 0x0000000085300000| Untracked 
|  50|0x0000000085400000, 0x0000000085500000, 0x0000000085500000|100%| O|  |TAMS 0x0000000085400000, 0x0000000085400000| Untracked 
|  51|0x0000000085500000, 0x0000000085600000, 0x0000000085600000|100%| O|  |TAMS 0x0000000085500000, 0x0000000085500000| Untracked 
|  52|0x0000000085600000, 0x0000000085700000, 0x0000000085700000|100%| O|  |TAMS 0x0000000085600000, 0x0000000085600000| Untracked 
|  53|0x0000000085700000, 0x0000000085800000, 0x0000000085800000|100%| O|  |TAMS 0x0000000085700000, 0x0000000085700000| Untracked 
|  54|0x0000000085800000, 0x0000000085900000, 0x0000000085900000|100%| O|  |TAMS 0x0000000085800000, 0x0000000085800000| Untracked 
|  55|0x0000000085900000, 0x0000000085a00000, 0x0000000085a00000|100%| O|  |TAMS 0x0000000085900000, 0x0000000085900000| Untracked 
|  56|0x0000000085a00000, 0x0000000085b00000, 0x0000000085b00000|100%| O|  |TAMS 0x0000000085a00000, 0x0000000085a00000| Untracked 
|  57|0x0000000085b00000, 0x0000000085c00000, 0x0000000085c00000|100%|HS|  |TAMS 0x0000000085b00000, 0x0000000085b00000| Complete 
|  58|0x0000000085c00000, 0x0000000085d00000, 0x0000000085d00000|100%| O|  |TAMS 0x0000000085c00000, 0x0000000085c00000| Untracked 
|  59|0x0000000085d00000, 0x0000000085e00000, 0x0000000085e00000|100%| O|  |TAMS 0x0000000085d00000, 0x0000000085d00000| Untracked 
|  60|0x0000000085e00000, 0x0000000085f00000, 0x0000000085f00000|100%| O|  |TAMS 0x0000000085e00000, 0x0000000085e00000| Untracked 
|  61|0x0000000085f00000, 0x0000000086000000, 0x0000000086000000|100%| O|  |TAMS 0x0000000085f00000, 0x0000000085f00000| Untracked 
|  62|0x0000000086000000, 0x0000000086100000, 0x0000000086100000|100%| O|  |TAMS 0x0000000086000000, 0x0000000086000000| Untracked 
|  63|0x0000000086100000, 0x0000000086200000, 0x0000000086200000|100%| O|  |TAMS 0x0000000086100000, 0x0000000086100000| Untracked 
|  64|0x0000000086200000, 0x0000000086300000, 0x0000000086300000|100%| O|  |TAMS 0x0000000086200000, 0x0000000086200000| Untracked 
|  65|0x0000000086300000, 0x0000000086400000, 0x0000000086400000|100%| O|  |TAMS 0x0000000086300000, 0x0000000086300000| Untracked 
|  66|0x0000000086400000, 0x0000000086500000, 0x0000000086500000|100%|HS|  |TAMS 0x0000000086400000, 0x0000000086400000| Complete 
|  67|0x0000000086500000, 0x0000000086600000, 0x0000000086600000|100%|HC|  |TAMS 0x0000000086500000, 0x0000000086500000| Complete 
|  68|0x0000000086600000, 0x0000000086700000, 0x0000000086700000|100%| O|  |TAMS 0x0000000086600000, 0x0000000086600000| Untracked 
|  69|0x0000000086700000, 0x0000000086800000, 0x0000000086800000|100%| O|  |TAMS 0x0000000086700000, 0x0000000086700000| Untracked 
|  70|0x0000000086800000, 0x0000000086900000, 0x0000000086900000|100%| O|  |TAMS 0x0000000086800000, 0x0000000086800000| Untracked 
|  71|0x0000000086900000, 0x0000000086a00000, 0x0000000086a00000|100%| O|  |TAMS 0x0000000086900000, 0x0000000086900000| Untracked 
|  72|0x0000000086a00000, 0x0000000086b00000, 0x0000000086b00000|100%| O|  |TAMS 0x0000000086a00000, 0x0000000086a00000| Untracked 
|  73|0x0000000086b00000, 0x0000000086c00000, 0x0000000086c00000|100%| O|  |TAMS 0x0000000086b00000, 0x0000000086b00000| Untracked 
|  74|0x0000000086c00000, 0x0000000086d00000, 0x0000000086d00000|100%| O|  |TAMS 0x0000000086c00000, 0x0000000086c00000| Untracked 
|  75|0x0000000086d00000, 0x0000000086e00000, 0x0000000086e00000|100%| O|  |TAMS 0x0000000086d00000, 0x0000000086d00000| Untracked 
|  76|0x0000000086e00000, 0x0000000086f00000, 0x0000000086f00000|100%| O|  |TAMS 0x0000000086e00000, 0x0000000086e00000| Untracked 
|  77|0x0000000086f00000, 0x0000000087000000, 0x0000000087000000|100%| O|  |TAMS 0x0000000086f00000, 0x0000000086f00000| Untracked 
|  78|0x0000000087000000, 0x0000000087100000, 0x0000000087100000|100%| O|  |TAMS 0x0000000087000000, 0x0000000087000000| Untracked 
|  79|0x0000000087100000, 0x0000000087200000, 0x0000000087200000|100%| O|  |TAMS 0x0000000087100000, 0x0000000087100000| Untracked 
|  80|0x0000000087200000, 0x0000000087300000, 0x0000000087300000|100%| O|  |TAMS 0x0000000087200000, 0x0000000087200000| Untracked 
|  81|0x0000000087300000, 0x00000000873e4a00, 0x0000000087400000| 89%| O|  |TAMS 0x0000000087300000, 0x0000000087300000| Untracked 
|  82|0x0000000087400000, 0x0000000087400000, 0x0000000087500000|  0%| F|  |TAMS 0x0000000087400000, 0x0000000087400000| Untracked 
|  83|0x0000000087500000, 0x0000000087500000, 0x0000000087600000|  0%| F|  |TAMS 0x0000000087500000, 0x0000000087500000| Untracked 
|  84|0x0000000087600000, 0x0000000087600000, 0x0000000087700000|  0%| F|  |TAMS 0x0000000087600000, 0x0000000087600000| Untracked 
|  85|0x0000000087700000, 0x0000000087700000, 0x0000000087800000|  0%| F|  |TAMS 0x0000000087700000, 0x0000000087700000| Untracked 
|  86|0x0000000087800000, 0x0000000087800000, 0x0000000087900000|  0%| F|  |TAMS 0x0000000087800000, 0x0000000087800000| Untracked 
|  87|0x0000000087900000, 0x0000000087900000, 0x0000000087a00000|  0%| F|  |TAMS 0x0000000087900000, 0x0000000087900000| Untracked 
|  88|0x0000000087a00000, 0x0000000087a00000, 0x0000000087b00000|  0%| F|  |TAMS 0x0000000087a00000, 0x0000000087a00000| Untracked 
|  89|0x0000000087b00000, 0x0000000087b00000, 0x0000000087c00000|  0%| F|  |TAMS 0x0000000087b00000, 0x0000000087b00000| Untracked 
|  90|0x0000000087c00000, 0x0000000087c00000, 0x0000000087d00000|  0%| F|  |TAMS 0x0000000087c00000, 0x0000000087c00000| Untracked 
|  91|0x0000000087d00000, 0x0000000087d00000, 0x0000000087e00000|  0%| F|  |TAMS 0x0000000087d00000, 0x0000000087d00000| Untracked 
|  92|0x0000000087e00000, 0x0000000087e00000, 0x0000000087f00000|  0%| F|  |TAMS 0x0000000087e00000, 0x0000000087e00000| Untracked 
|  93|0x0000000087f00000, 0x0000000087f00000, 0x0000000088000000|  0%| F|  |TAMS 0x0000000087f00000, 0x0000000087f00000| Untracked 
|  94|0x0000000088000000, 0x0000000088000000, 0x0000000088100000|  0%| F|  |TAMS 0x0000000088000000, 0x0000000088000000| Untracked 
|  95|0x0000000088100000, 0x0000000088100000, 0x0000000088200000|  0%| F|  |TAMS 0x0000000088100000, 0x0000000088100000| Untracked 
|  96|0x0000000088200000, 0x0000000088200000, 0x0000000088300000|  0%| F|  |TAMS 0x0000000088200000, 0x0000000088200000| Untracked 
|  97|0x0000000088300000, 0x0000000088300000, 0x0000000088400000|  0%| F|  |TAMS 0x0000000088300000, 0x0000000088300000| Untracked 
|  98|0x0000000088400000, 0x0000000088400000, 0x0000000088500000|  0%| F|  |TAMS 0x0000000088400000, 0x0000000088400000| Untracked 
|  99|0x0000000088500000, 0x0000000088500000, 0x0000000088600000|  0%| F|  |TAMS 0x0000000088500000, 0x0000000088500000| Untracked 
| 100|0x0000000088600000, 0x0000000088600000, 0x0000000088700000|  0%| F|  |TAMS 0x0000000088600000, 0x0000000088600000| Untracked 
| 101|0x0000000088700000, 0x0000000088700000, 0x0000000088800000|  0%| F|  |TAMS 0x0000000088700000, 0x0000000088700000| Untracked 
| 102|0x0000000088800000, 0x0000000088800000, 0x0000000088900000|  0%| F|  |TAMS 0x0000000088800000, 0x0000000088800000| Untracked 
| 103|0x0000000088900000, 0x0000000088900000, 0x0000000088a00000|  0%| F|  |TAMS 0x0000000088900000, 0x0000000088900000| Untracked 
| 104|0x0000000088a00000, 0x0000000088a00000, 0x0000000088b00000|  0%| F|  |TAMS 0x0000000088a00000, 0x0000000088a00000| Untracked 
| 105|0x0000000088b00000, 0x0000000088b00000, 0x0000000088c00000|  0%| F|  |TAMS 0x0000000088b00000, 0x0000000088b00000| Untracked 
| 106|0x0000000088c00000, 0x0000000088c00000, 0x0000000088d00000|  0%| F|  |TAMS 0x0000000088c00000, 0x0000000088c00000| Untracked 
| 107|0x0000000088d00000, 0x0000000088d00000, 0x0000000088e00000|  0%| F|  |TAMS 0x0000000088d00000, 0x0000000088d00000| Untracked 
| 108|0x0000000088e00000, 0x0000000088e00000, 0x0000000088f00000|  0%| F|  |TAMS 0x0000000088e00000, 0x0000000088e00000| Untracked 
| 109|0x0000000088f00000, 0x0000000088f00000, 0x0000000089000000|  0%| F|  |TAMS 0x0000000088f00000, 0x0000000088f00000| Untracked 
| 110|0x0000000089000000, 0x0000000089000000, 0x0000000089100000|  0%| F|  |TAMS 0x0000000089000000, 0x0000000089000000| Untracked 
| 111|0x0000000089100000, 0x0000000089100000, 0x0000000089200000|  0%| F|  |TAMS 0x0000000089100000, 0x0000000089100000| Untracked 
| 112|0x0000000089200000, 0x0000000089200000, 0x0000000089300000|  0%| F|  |TAMS 0x0000000089200000, 0x0000000089200000| Untracked 
| 113|0x0000000089300000, 0x0000000089300000, 0x0000000089400000|  0%| F|  |TAMS 0x0000000089300000, 0x0000000089300000| Untracked 
| 114|0x0000000089400000, 0x0000000089400000, 0x0000000089500000|  0%| F|  |TAMS 0x0000000089400000, 0x0000000089400000| Untracked 
| 115|0x0000000089500000, 0x0000000089500000, 0x0000000089600000|  0%| F|  |TAMS 0x0000000089500000, 0x0000000089500000| Untracked 
| 116|0x0000000089600000, 0x0000000089600000, 0x0000000089700000|  0%| F|  |TAMS 0x0000000089600000, 0x0000000089600000| Untracked 
| 117|0x0000000089700000, 0x0000000089700000, 0x0000000089800000|  0%| F|  |TAMS 0x0000000089700000, 0x0000000089700000| Untracked 
| 118|0x0000000089800000, 0x0000000089800000, 0x0000000089900000|  0%| F|  |TAMS 0x0000000089800000, 0x0000000089800000| Untracked 
| 119|0x0000000089900000, 0x0000000089900000, 0x0000000089a00000|  0%| F|  |TAMS 0x0000000089900000, 0x0000000089900000| Untracked 
| 120|0x0000000089a00000, 0x0000000089a00000, 0x0000000089b00000|  0%| F|  |TAMS 0x0000000089a00000, 0x0000000089a00000| Untracked 
| 121|0x0000000089b00000, 0x0000000089b00000, 0x0000000089c00000|  0%| F|  |TAMS 0x0000000089b00000, 0x0000000089b00000| Untracked 
| 122|0x0000000089c00000, 0x0000000089c00000, 0x0000000089d00000|  0%| F|  |TAMS 0x0000000089c00000, 0x0000000089c00000| Untracked 
| 123|0x0000000089d00000, 0x0000000089e00000, 0x0000000089e00000|100%| S|CS|TAMS 0x0000000089d00000, 0x0000000089d00000| Complete 
| 124|0x0000000089e00000, 0x0000000089f00000, 0x0000000089f00000|100%| S|CS|TAMS 0x0000000089e00000, 0x0000000089e00000| Complete 
| 125|0x0000000089f00000, 0x000000008a000000, 0x000000008a000000|100%| S|CS|TAMS 0x0000000089f00000, 0x0000000089f00000| Complete 
| 126|0x000000008a000000, 0x000000008a100000, 0x000000008a100000|100%| S|CS|TAMS 0x000000008a000000, 0x000000008a000000| Complete 
| 127|0x000000008a100000, 0x000000008a200000, 0x000000008a200000|100%| S|CS|TAMS 0x000000008a100000, 0x000000008a100000| Complete 
| 128|0x000000008a200000, 0x000000008a300000, 0x000000008a300000|100%| S|CS|TAMS 0x000000008a200000, 0x000000008a200000| Complete 
| 129|0x000000008a300000, 0x000000008a300000, 0x000000008a400000|  0%| F|  |TAMS 0x000000008a300000, 0x000000008a300000| Untracked 
| 130|0x000000008a400000, 0x000000008a400000, 0x000000008a500000|  0%| F|  |TAMS 0x000000008a400000, 0x000000008a400000| Untracked 
| 131|0x000000008a500000, 0x000000008a500000, 0x000000008a600000|  0%| F|  |TAMS 0x000000008a500000, 0x000000008a500000| Untracked 
| 132|0x000000008a600000, 0x000000008a600000, 0x000000008a700000|  0%| F|  |TAMS 0x000000008a600000, 0x000000008a600000| Untracked 
| 133|0x000000008a700000, 0x000000008a700000, 0x000000008a800000|  0%| F|  |TAMS 0x000000008a700000, 0x000000008a700000| Untracked 
| 134|0x000000008a800000, 0x000000008a800000, 0x000000008a900000|  0%| F|  |TAMS 0x000000008a800000, 0x000000008a800000| Untracked 
| 135|0x000000008a900000, 0x000000008a900000, 0x000000008aa00000|  0%| F|  |TAMS 0x000000008a900000, 0x000000008a900000| Untracked 
| 136|0x000000008aa00000, 0x000000008aa00000, 0x000000008ab00000|  0%| F|  |TAMS 0x000000008aa00000, 0x000000008aa00000| Untracked 
| 137|0x000000008ab00000, 0x000000008ac00000, 0x000000008ac00000|100%| S|CS|TAMS 0x000000008ab00000, 0x000000008ab00000| Complete 
| 138|0x000000008ac00000, 0x000000008ad00000, 0x000000008ad00000|100%| S|CS|TAMS 0x000000008ac00000, 0x000000008ac00000| Complete 
| 139|0x000000008ad00000, 0x000000008ae00000, 0x000000008ae00000|100%| S|CS|TAMS 0x000000008ad00000, 0x000000008ad00000| Complete 
| 140|0x000000008ae00000, 0x000000008af00000, 0x000000008af00000|100%| S|CS|TAMS 0x000000008ae00000, 0x000000008ae00000| Complete 
| 141|0x000000008af00000, 0x000000008b000000, 0x000000008b000000|100%| S|CS|TAMS 0x000000008af00000, 0x000000008af00000| Complete 
| 142|0x000000008b000000, 0x000000008b000000, 0x000000008b100000|  0%| F|  |TAMS 0x000000008b000000, 0x000000008b000000| Untracked 
| 143|0x000000008b100000, 0x000000008b100000, 0x000000008b200000|  0%| F|  |TAMS 0x000000008b100000, 0x000000008b100000| Untracked 
| 144|0x000000008b200000, 0x000000008b200000, 0x000000008b300000|  0%| F|  |TAMS 0x000000008b200000, 0x000000008b200000| Untracked 
| 145|0x000000008b300000, 0x000000008b300000, 0x000000008b400000|  0%| F|  |TAMS 0x000000008b300000, 0x000000008b300000| Untracked 
| 146|0x000000008b400000, 0x000000008b400000, 0x000000008b500000|  0%| F|  |TAMS 0x000000008b400000, 0x000000008b400000| Untracked 
| 147|0x000000008b500000, 0x000000008b500000, 0x000000008b600000|  0%| F|  |TAMS 0x000000008b500000, 0x000000008b500000| Untracked 
| 148|0x000000008b600000, 0x000000008b600000, 0x000000008b700000|  0%| F|  |TAMS 0x000000008b600000, 0x000000008b600000| Untracked 
| 149|0x000000008b700000, 0x000000008b700000, 0x000000008b800000|  0%| F|  |TAMS 0x000000008b700000, 0x000000008b700000| Untracked 
| 150|0x000000008b800000, 0x000000008b800000, 0x000000008b900000|  0%| F|  |TAMS 0x000000008b800000, 0x000000008b800000| Untracked 
| 151|0x000000008b900000, 0x000000008b900000, 0x000000008ba00000|  0%| F|  |TAMS 0x000000008b900000, 0x000000008b900000| Untracked 
| 152|0x000000008ba00000, 0x000000008ba00000, 0x000000008bb00000|  0%| F|  |TAMS 0x000000008ba00000, 0x000000008ba00000| Untracked 
| 153|0x000000008bb00000, 0x000000008bb00000, 0x000000008bc00000|  0%| F|  |TAMS 0x000000008bb00000, 0x000000008bb00000| Untracked 
| 154|0x000000008bc00000, 0x000000008bc00000, 0x000000008bd00000|  0%| F|  |TAMS 0x000000008bc00000, 0x000000008bc00000| Untracked 
| 155|0x000000008bd00000, 0x000000008bd00000, 0x000000008be00000|  0%| F|  |TAMS 0x000000008bd00000, 0x000000008bd00000| Untracked 
| 156|0x000000008be00000, 0x000000008be00000, 0x000000008bf00000|  0%| F|  |TAMS 0x000000008be00000, 0x000000008be00000| Untracked 
| 157|0x000000008bf00000, 0x000000008bf00000, 0x000000008c000000|  0%| F|  |TAMS 0x000000008bf00000, 0x000000008bf00000| Untracked 
| 158|0x000000008c000000, 0x000000008c000000, 0x000000008c100000|  0%| F|  |TAMS 0x000000008c000000, 0x000000008c000000| Untracked 
| 159|0x000000008c100000, 0x000000008c100000, 0x000000008c200000|  0%| F|  |TAMS 0x000000008c100000, 0x000000008c100000| Untracked 
| 160|0x000000008c200000, 0x000000008c200000, 0x000000008c300000|  0%| F|  |TAMS 0x000000008c200000, 0x000000008c200000| Untracked 
| 161|0x000000008c300000, 0x000000008c300000, 0x000000008c400000|  0%| F|  |TAMS 0x000000008c300000, 0x000000008c300000| Untracked 
| 162|0x000000008c400000, 0x000000008c400000, 0x000000008c500000|  0%| F|  |TAMS 0x000000008c400000, 0x000000008c400000| Untracked 
| 163|0x000000008c500000, 0x000000008c500000, 0x000000008c600000|  0%| F|  |TAMS 0x000000008c500000, 0x000000008c500000| Untracked 
| 164|0x000000008c600000, 0x000000008c600000, 0x000000008c700000|  0%| F|  |TAMS 0x000000008c600000, 0x000000008c600000| Untracked 
| 165|0x000000008c700000, 0x000000008c700000, 0x000000008c800000|  0%| F|  |TAMS 0x000000008c700000, 0x000000008c700000| Untracked 
| 166|0x000000008c800000, 0x000000008c800000, 0x000000008c900000|  0%| F|  |TAMS 0x000000008c800000, 0x000000008c800000| Untracked 
| 167|0x000000008c900000, 0x000000008c900000, 0x000000008ca00000|  0%| F|  |TAMS 0x000000008c900000, 0x000000008c900000| Untracked 
| 168|0x000000008ca00000, 0x000000008ca00000, 0x000000008cb00000|  0%| F|  |TAMS 0x000000008ca00000, 0x000000008ca00000| Untracked 
| 169|0x000000008cb00000, 0x000000008cb00000, 0x000000008cc00000|  0%| F|  |TAMS 0x000000008cb00000, 0x000000008cb00000| Untracked 
| 170|0x000000008cc00000, 0x000000008cc00000, 0x000000008cd00000|  0%| F|  |TAMS 0x000000008cc00000, 0x000000008cc00000| Untracked 
| 171|0x000000008cd00000, 0x000000008cd00000, 0x000000008ce00000|  0%| F|  |TAMS 0x000000008cd00000, 0x000000008cd00000| Untracked 
| 172|0x000000008ce00000, 0x000000008ce00000, 0x000000008cf00000|  0%| F|  |TAMS 0x000000008ce00000, 0x000000008ce00000| Untracked 
| 173|0x000000008cf00000, 0x000000008cf00000, 0x000000008d000000|  0%| F|  |TAMS 0x000000008cf00000, 0x000000008cf00000| Untracked 
| 174|0x000000008d000000, 0x000000008d000000, 0x000000008d100000|  0%| F|  |TAMS 0x000000008d000000, 0x000000008d000000| Untracked 
| 175|0x000000008d100000, 0x000000008d100000, 0x000000008d200000|  0%| F|  |TAMS 0x000000008d100000, 0x000000008d100000| Untracked 
| 176|0x000000008d200000, 0x000000008d200000, 0x000000008d300000|  0%| F|  |TAMS 0x000000008d200000, 0x000000008d200000| Untracked 
| 177|0x000000008d300000, 0x000000008d300000, 0x000000008d400000|  0%| F|  |TAMS 0x000000008d300000, 0x000000008d300000| Untracked 
| 178|0x000000008d400000, 0x000000008d400000, 0x000000008d500000|  0%| F|  |TAMS 0x000000008d400000, 0x000000008d400000| Untracked 
| 179|0x000000008d500000, 0x000000008d500000, 0x000000008d600000|  0%| F|  |TAMS 0x000000008d500000, 0x000000008d500000| Untracked 
| 180|0x000000008d600000, 0x000000008d600000, 0x000000008d700000|  0%| F|  |TAMS 0x000000008d600000, 0x000000008d600000| Untracked 
| 181|0x000000008d700000, 0x000000008d700000, 0x000000008d800000|  0%| F|  |TAMS 0x000000008d700000, 0x000000008d700000| Untracked 
| 182|0x000000008d800000, 0x000000008d800000, 0x000000008d900000|  0%| F|  |TAMS 0x000000008d800000, 0x000000008d800000| Untracked 
| 183|0x000000008d900000, 0x000000008d900000, 0x000000008da00000|  0%| F|  |TAMS 0x000000008d900000, 0x000000008d900000| Untracked 
| 184|0x000000008da00000, 0x000000008da00000, 0x000000008db00000|  0%| F|  |TAMS 0x000000008da00000, 0x000000008da00000| Untracked 
| 185|0x000000008db00000, 0x000000008db00000, 0x000000008dc00000|  0%| F|  |TAMS 0x000000008db00000, 0x000000008db00000| Untracked 
| 186|0x000000008dc00000, 0x000000008dc00000, 0x000000008dd00000|  0%| F|  |TAMS 0x000000008dc00000, 0x000000008dc00000| Untracked 
| 187|0x000000008dd00000, 0x000000008dd00000, 0x000000008de00000|  0%| F|  |TAMS 0x000000008dd00000, 0x000000008dd00000| Untracked 
| 188|0x000000008de00000, 0x000000008de00000, 0x000000008df00000|  0%| F|  |TAMS 0x000000008de00000, 0x000000008de00000| Untracked 
| 189|0x000000008df00000, 0x000000008df00000, 0x000000008e000000|  0%| F|  |TAMS 0x000000008df00000, 0x000000008df00000| Untracked 
| 190|0x000000008e000000, 0x000000008e000000, 0x000000008e100000|  0%| F|  |TAMS 0x000000008e000000, 0x000000008e000000| Untracked 
| 191|0x000000008e100000, 0x000000008e100000, 0x000000008e200000|  0%| F|  |TAMS 0x000000008e100000, 0x000000008e100000| Untracked 
| 192|0x000000008e200000, 0x000000008e200000, 0x000000008e300000|  0%| F|  |TAMS 0x000000008e200000, 0x000000008e200000| Untracked 
| 193|0x000000008e300000, 0x000000008e300000, 0x000000008e400000|  0%| F|  |TAMS 0x000000008e300000, 0x000000008e300000| Untracked 
| 194|0x000000008e400000, 0x000000008e400000, 0x000000008e500000|  0%| F|  |TAMS 0x000000008e400000, 0x000000008e400000| Untracked 
| 195|0x000000008e500000, 0x000000008e500000, 0x000000008e600000|  0%| F|  |TAMS 0x000000008e500000, 0x000000008e500000| Untracked 
| 196|0x000000008e600000, 0x000000008e600000, 0x000000008e700000|  0%| F|  |TAMS 0x000000008e600000, 0x000000008e600000| Untracked 
| 197|0x000000008e700000, 0x000000008e700000, 0x000000008e800000|  0%| F|  |TAMS 0x000000008e700000, 0x000000008e700000| Untracked 
| 198|0x000000008e800000, 0x000000008e800000, 0x000000008e900000|  0%| F|  |TAMS 0x000000008e800000, 0x000000008e800000| Untracked 
| 199|0x000000008e900000, 0x000000008e900000, 0x000000008ea00000|  0%| F|  |TAMS 0x000000008e900000, 0x000000008e900000| Untracked 
| 200|0x000000008ea00000, 0x000000008ea00000, 0x000000008eb00000|  0%| F|  |TAMS 0x000000008ea00000, 0x000000008ea00000| Untracked 
| 201|0x000000008eb00000, 0x000000008eb00000, 0x000000008ec00000|  0%| F|  |TAMS 0x000000008eb00000, 0x000000008eb00000| Untracked 
| 202|0x000000008ec00000, 0x000000008ec00000, 0x000000008ed00000|  0%| F|  |TAMS 0x000000008ec00000, 0x000000008ec00000| Untracked 
| 203|0x000000008ed00000, 0x000000008ed00000, 0x000000008ee00000|  0%| F|  |TAMS 0x000000008ed00000, 0x000000008ed00000| Untracked 
| 204|0x000000008ee00000, 0x000000008ee00000, 0x000000008ef00000|  0%| F|  |TAMS 0x000000008ee00000, 0x000000008ee00000| Untracked 
| 205|0x000000008ef00000, 0x000000008ef00000, 0x000000008f000000|  0%| F|  |TAMS 0x000000008ef00000, 0x000000008ef00000| Untracked 
| 206|0x000000008f000000, 0x000000008f000000, 0x000000008f100000|  0%| F|  |TAMS 0x000000008f000000, 0x000000008f000000| Untracked 
| 207|0x000000008f100000, 0x000000008f100000, 0x000000008f200000|  0%| F|  |TAMS 0x000000008f100000, 0x000000008f100000| Untracked 
| 208|0x000000008f200000, 0x000000008f200000, 0x000000008f300000|  0%| F|  |TAMS 0x000000008f200000, 0x000000008f200000| Untracked 
| 209|0x000000008f300000, 0x000000008f300000, 0x000000008f400000|  0%| F|  |TAMS 0x000000008f300000, 0x000000008f300000| Untracked 
| 210|0x000000008f400000, 0x000000008f400000, 0x000000008f500000|  0%| F|  |TAMS 0x000000008f400000, 0x000000008f400000| Untracked 
| 211|0x000000008f500000, 0x000000008f500000, 0x000000008f600000|  0%| F|  |TAMS 0x000000008f500000, 0x000000008f500000| Untracked 
| 212|0x000000008f600000, 0x000000008f600000, 0x000000008f700000|  0%| F|  |TAMS 0x000000008f600000, 0x000000008f600000| Untracked 
| 213|0x000000008f700000, 0x000000008f700000, 0x000000008f800000|  0%| F|  |TAMS 0x000000008f700000, 0x000000008f700000| Untracked 
| 214|0x000000008f800000, 0x000000008f800000, 0x000000008f900000|  0%| F|  |TAMS 0x000000008f800000, 0x000000008f800000| Untracked 
| 215|0x000000008f900000, 0x000000008f900000, 0x000000008fa00000|  0%| F|  |TAMS 0x000000008f900000, 0x000000008f900000| Untracked 
| 216|0x000000008fa00000, 0x000000008fa00000, 0x000000008fb00000|  0%| F|  |TAMS 0x000000008fa00000, 0x000000008fa00000| Untracked 
| 217|0x000000008fb00000, 0x000000008fb00000, 0x000000008fc00000|  0%| F|  |TAMS 0x000000008fb00000, 0x000000008fb00000| Untracked 
| 218|0x000000008fc00000, 0x000000008fc00000, 0x000000008fd00000|  0%| F|  |TAMS 0x000000008fc00000, 0x000000008fc00000| Untracked 
| 219|0x000000008fd00000, 0x000000008fd00000, 0x000000008fe00000|  0%| F|  |TAMS 0x000000008fd00000, 0x000000008fd00000| Untracked 
| 220|0x000000008fe00000, 0x000000008fe00000, 0x000000008ff00000|  0%| F|  |TAMS 0x000000008fe00000, 0x000000008fe00000| Untracked 
| 221|0x000000008ff00000, 0x000000008ff00000, 0x0000000090000000|  0%| F|  |TAMS 0x000000008ff00000, 0x000000008ff00000| Untracked 
| 222|0x0000000090000000, 0x0000000090000000, 0x0000000090100000|  0%| F|  |TAMS 0x0000000090000000, 0x0000000090000000| Untracked 
| 223|0x0000000090100000, 0x0000000090100000, 0x0000000090200000|  0%| F|  |TAMS 0x0000000090100000, 0x0000000090100000| Untracked 
| 224|0x0000000090200000, 0x0000000090200000, 0x0000000090300000|  0%| F|  |TAMS 0x0000000090200000, 0x0000000090200000| Untracked 

Card table byte_map: [0x00000191d6010000,0x00000191d6400000] _byte_map_base: 0x00000191d5bff000

Marking Bits (Prev, Next): (CMBitMap*) 0x00000191bdfe01c8, (CMBitMap*) 0x00000191bdfe0188
 Prev Bits: [0x00000191d8770000, 0x00000191da6e8000)
 Next Bits: [0x00000191d67f0000, 0x00000191d8768000)

Polling page: 0x00000191bc7b0000

Metaspace:

Usage:
  Non-class:     23.87 MB capacity,    23.41 MB ( 98%) used,   414.30 KB (  2%) free+waste,    59.88 KB ( <1%) overhead. 
      Class:      3.10 MB capacity,     2.83 MB ( 92%) used,   244.08 KB (  8%) free+waste,    25.00 KB ( <1%) overhead. 
       Both:     26.97 MB capacity,    26.24 MB ( 97%) used,   658.38 KB (  2%) free+waste,    84.88 KB ( <1%) overhead. 

Virtual space:
  Non-class space:       24.00 MB reserved,      24.00 MB (100%) committed 
      Class space:        1.00 GB reserved,       3.25 MB ( <1%) committed 
             Both:        1.02 GB reserved,      27.25 MB (  3%) committed 

Chunk freelists:
   Non-Class:  3.00 KB
       Class:  28.00 KB
        Both:  31.00 KB

MaxMetaspaceSize: 17179869184.00 GB
CompressedClassSpaceSize: 1.00 GB

CodeHeap 'non-profiled nmethods': size=120000Kb used=4363Kb max_used=4363Kb free=115636Kb
 bounds [0x00000191cdf80000, 0x00000191ce3d0000, 0x00000191d54b0000]
CodeHeap 'profiled nmethods': size=120000Kb used=14800Kb max_used=14956Kb free=105199Kb
 bounds [0x00000191c6a50000, 0x00000191c78f0000, 0x00000191cdf80000]
CodeHeap 'non-nmethods': size=5760Kb used=1226Kb max_used=1299Kb free=4534Kb
 bounds [0x00000191c64b0000, 0x00000191c6720000, 0x00000191c6a50000]
 total_blobs=10138 nmethods=6570 adapters=394
 compilation: enabled
              stopped_count=0, restarted_count=0
 full_count=0

Compilation events (20 events):
Event: 15.683 Thread 0x00000191dcd32800 7387       2       com.sun.tools.javac.code.TypeAnnotations$$Lambda$172/0x0000000800e05c40::run (16 bytes)
Event: 15.683 Thread 0x00000191dcd32800 nmethod 7387 0x00000191c7369110 code [0x00000191c73692c0, 0x00000191c7369470]
Event: 15.683 Thread 0x00000191dcd32800 7388   !   2       com.sun.tools.javac.code.TypeAnnotations::lambda$organizeTypeAnnotationsSignatures$0 (55 bytes)
Event: 15.684 Thread 0x00000191dcd32800 nmethod 7388 0x00000191c6c6be90 code [0x00000191c6c6c0c0, 0x00000191c6c6c9c0]
Event: 15.690 Thread 0x00000191dcd32800 7389       2       com.sun.tools.javac.util.List::get (93 bytes)
Event: 15.691 Thread 0x00000191dcd32800 nmethod 7389 0x00000191c6c6b090 code [0x00000191c6c6b300, 0x00000191c6c6baa0]
Event: 15.691 Thread 0x00000191dcd32800 7390       2       com.sun.tools.javac.comp.Attr$TypeAnnotationsValidator::visitClassDef (88 bytes)
Event: 15.692 Thread 0x00000191dcd32800 nmethod 7390 0x00000191c7356010 code [0x00000191c7356260, 0x00000191c7356a00]
Event: 15.692 Thread 0x00000191dcd32800 7391       1       com.sun.tools.javac.code.Type$JCVoidType::isPrimitiveOrVoid (2 bytes)
Event: 15.692 Thread 0x00000191dcd32800 nmethod 7391 0x00000191ce3c2910 code [0x00000191ce3c2aa0, 0x00000191ce3c2bd8]
Event: 15.707 Thread 0x00000191dcd32800 7393       3       com.sun.tools.javac.comp.Attr$TypeAnnotationsValidator::visitMethodDef (157 bytes)
Event: 15.709 Thread 0x00000191dcd32800 nmethod 7393 0x00000191c7353190 code [0x00000191c7353500, 0x00000191c7355810]
Event: 15.710 Thread 0x00000191dcd32800 7394 %     3       com.sun.tools.javac.comp.Check::annotationApplicable @ 43 (577 bytes)
Event: 15.713 Thread 0x00000191dcd32800 nmethod 7394% 0x00000191c734fd90 code [0x00000191c7350140, 0x00000191c73527a0]
Event: 15.721 Thread 0x00000191dcd32800 7395       3       com.sun.tools.javac.comp.Check::annotationApplicable (577 bytes)
Event: 15.723 Thread 0x00000191dcd32800 nmethod 7395 0x00000191c734cc90 code [0x00000191c734d020, 0x00000191c734f420]
Event: 15.728 Thread 0x00000191dcd32800 7396       2       com.sun.tools.javac.code.TypeAnnotations$$Lambda$173/0x0000000800e10040::run (16 bytes)
Event: 15.729 Thread 0x00000191dcd32800 nmethod 7396 0x00000191c6c6ac10 code [0x00000191c6c6adc0, 0x00000191c6c6af70]
Event: 15.729 Thread 0x00000191dcd32800 7397   !   2       com.sun.tools.javac.code.TypeAnnotations::lambda$validateTypeAnnotationsSignatures$1 (51 bytes)
Event: 15.730 Thread 0x00000191dcd32800 nmethod 7397 0x00000191c734c210 code [0x00000191c734c400, 0x00000191c734c940]

GC Heap History (20 events):
Event: 11.610 GC heap after
{Heap after GC invocations=22 (full 0):
 garbage-first heap   total 128000K, used 57814K [0x0000000082200000, 0x0000000100000000)
  region size 1024K, 3 young (3072K), 3 survivors (3072K)
 Metaspace       used 26671K, capacity 27416K, committed 27516K, reserved 1073152K
  class space    used 2888K, capacity 3133K, committed 3196K, reserved 1048576K
}
Event: 11.879 GC heap before
{Heap before GC invocations=22 (full 0):
 garbage-first heap   total 128000K, used 95702K [0x0000000082200000, 0x0000000100000000)
  region size 1024K, 40 young (40960K), 3 survivors (3072K)
 Metaspace       used 26694K, capacity 27436K, committed 27516K, reserved 1073152K
  class space    used 2890K, capacity 3136K, committed 3196K, reserved 1048576K
}
Event: 11.891 GC heap after
{Heap after GC invocations=23 (full 0):
 garbage-first heap   total 128000K, used 60025K [0x0000000082200000, 0x0000000100000000)
  region size 1024K, 4 young (4096K), 4 survivors (4096K)
 Metaspace       used 26694K, capacity 27436K, committed 27516K, reserved 1073152K
  class space    used 2890K, capacity 3136K, committed 3196K, reserved 1048576K
}
Event: 12.132 GC heap before
{Heap before GC invocations=23 (full 0):
 garbage-first heap   total 128000K, used 97913K [0x0000000082200000, 0x0000000100000000)
  region size 1024K, 41 young (41984K), 4 survivors (4096K)
 Metaspace       used 26707K, capacity 27442K, committed 27516K, reserved 1073152K
  class space    used 2891K, capacity 3137K, committed 3196K, reserved 1048576K
}
Event: 12.145 GC heap after
{Heap after GC invocations=24 (full 0):
 garbage-first heap   total 153600K, used 62060K [0x0000000082200000, 0x0000000100000000)
  region size 1024K, 5 young (5120K), 5 survivors (5120K)
 Metaspace       used 26707K, capacity 27442K, committed 27516K, reserved 1073152K
  class space    used 2891K, capacity 3137K, committed 3196K, reserved 1048576K
}
Event: 12.459 GC heap before
{Heap before GC invocations=24 (full 0):
 garbage-first heap   total 153600K, used 110188K [0x0000000082200000, 0x0000000100000000)
  region size 1024K, 51 young (52224K), 5 survivors (5120K)
 Metaspace       used 26707K, capacity 27442K, committed 27516K, reserved 1073152K
  class space    used 2891K, capacity 3137K, committed 3196K, reserved 1048576K
}
Event: 12.477 GC heap after
{Heap after GC invocations=25 (full 0):
 garbage-first heap   total 153600K, used 64854K [0x0000000082200000, 0x0000000100000000)
  region size 1024K, 4 young (4096K), 4 survivors (4096K)
 Metaspace       used 26707K, capacity 27442K, committed 27516K, reserved 1073152K
  class space    used 2891K, capacity 3137K, committed 3196K, reserved 1048576K
}
Event: 12.766 GC heap before
{Heap before GC invocations=25 (full 0):
 garbage-first heap   total 153600K, used 112982K [0x0000000082200000, 0x0000000100000000)
  region size 1024K, 51 young (52224K), 4 survivors (4096K)
 Metaspace       used 26707K, capacity 27442K, committed 27516K, reserved 1073152K
  class space    used 2891K, capacity 3137K, committed 3196K, reserved 1048576K
}
Event: 12.790 GC heap after
{Heap after GC invocations=26 (full 0):
 garbage-first heap   total 153600K, used 67313K [0x0000000082200000, 0x0000000100000000)
  region size 1024K, 5 young (5120K), 5 survivors (5120K)
 Metaspace       used 26707K, capacity 27442K, committed 27516K, reserved 1073152K
  class space    used 2891K, capacity 3137K, committed 3196K, reserved 1048576K
}
Event: 13.059 GC heap before
{Heap before GC invocations=26 (full 0):
 garbage-first heap   total 153600K, used 115441K [0x0000000082200000, 0x0000000100000000)
  region size 1024K, 52 young (53248K), 5 survivors (5120K)
 Metaspace       used 26707K, capacity 27442K, committed 27516K, reserved 1073152K
  class space    used 2891K, capacity 3137K, committed 3196K, reserved 1048576K
}
Event: 13.077 GC heap after
{Heap after GC invocations=27 (full 0):
 garbage-first heap   total 153600K, used 69350K [0x0000000082200000, 0x0000000100000000)
  region size 1024K, 5 young (5120K), 5 survivors (5120K)
 Metaspace       used 26707K, capacity 27442K, committed 27516K, reserved 1073152K
  class space    used 2891K, capacity 3137K, committed 3196K, reserved 1048576K
}
Event: 13.328 GC heap before
{Heap before GC invocations=27 (full 0):
 garbage-first heap   total 153600K, used 118502K [0x0000000082200000, 0x0000000100000000)
  region size 1024K, 53 young (54272K), 5 survivors (5120K)
 Metaspace       used 26708K, capacity 27442K, committed 27516K, reserved 1073152K
  class space    used 2891K, capacity 3137K, committed 3196K, reserved 1048576K
}
Event: 13.346 GC heap after
{Heap after GC invocations=28 (full 0):
 garbage-first heap   total 230400K, used 71794K [0x0000000082200000, 0x0000000100000000)
  region size 1024K, 5 young (5120K), 5 survivors (5120K)
 Metaspace       used 26708K, capacity 27442K, committed 27516K, reserved 1073152K
  class space    used 2891K, capacity 3137K, committed 3196K, reserved 1048576K
}
Event: 13.791 GC heap before
{Heap before GC invocations=28 (full 0):
 garbage-first heap   total 230400K, used 158834K [0x0000000082200000, 0x0000000100000000)
  region size 1024K, 88 young (90112K), 5 survivors (5120K)
 Metaspace       used 26708K, capacity 27442K, committed 27516K, reserved 1073152K
  class space    used 2891K, capacity 3137K, committed 3196K, reserved 1048576K
}
Event: 13.812 GC heap after
{Heap after GC invocations=29 (full 0):
 garbage-first heap   total 230400K, used 77338K [0x0000000082200000, 0x0000000100000000)
  region size 1024K, 8 young (8192K), 8 survivors (8192K)
 Metaspace       used 26708K, capacity 27442K, committed 27516K, reserved 1073152K
  class space    used 2891K, capacity 3137K, committed 3196K, reserved 1048576K
}
Event: 14.215 GC heap before
{Heap before GC invocations=29 (full 0):
 garbage-first heap   total 230400K, used 167450K [0x0000000082200000, 0x0000000100000000)
  region size 1024K, 96 young (98304K), 8 survivors (8192K)
 Metaspace       used 26709K, capacity 27442K, committed 27516K, reserved 1073152K
  class space    used 2891K, capacity 3137K, committed 3196K, reserved 1048576K
}
Event: 14.242 GC heap after
{Heap after GC invocations=30 (full 0):
 garbage-first heap   total 230400K, used 81074K [0x0000000082200000, 0x0000000100000000)
  region size 1024K, 10 young (10240K), 10 survivors (10240K)
 Metaspace       used 26709K, capacity 27442K, committed 27516K, reserved 1073152K
  class space    used 2891K, capacity 3137K, committed 3196K, reserved 1048576K
}
Event: 14.937 GC heap before
{Heap before GC invocations=30 (full 0):
 garbage-first heap   total 230400K, used 171186K [0x0000000082200000, 0x0000000100000000)
  region size 1024K, 98 young (100352K), 10 survivors (10240K)
 Metaspace       used 26726K, capacity 27443K, committed 27516K, reserved 1073152K
  class space    used 2891K, capacity 3137K, committed 3196K, reserved 1048576K
}
Event: 14.971 GC heap after
{Heap after GC invocations=31 (full 0):
 garbage-first heap   total 230400K, used 90653K [0x0000000082200000, 0x0000000100000000)
  region size 1024K, 13 young (13312K), 13 survivors (13312K)
 Metaspace       used 26726K, capacity 27443K, committed 27516K, reserved 1073152K
  class space    used 2891K, capacity 3137K, committed 3196K, reserved 1048576K
}
Event: 15.804 GC heap before
{Heap before GC invocations=31 (full 0):
 garbage-first heap   total 230400K, used 175645K [0x0000000082200000, 0x0000000100000000)
  region size 1024K, 96 young (98304K), 13 survivors (13312K)
 Metaspace       used 26873K, capacity 27617K, committed 27900K, reserved 1073152K
  class space    used 2902K, capacity 3172K, committed 3324K, reserved 1048576K
}

Deoptimization events (20 events):
Event: 15.086 Thread 0x00000191bdf9a000 Uncommon trap: trap_request=0xffffffc6 fr.pc=0x00000191ce2539c0 relative=0x00000000000000a0
Event: 15.086 Thread 0x00000191bdf9a000 Uncommon trap: reason=bimorphic_or_optimized_type_check action=maybe_recompile pc=0x00000191ce2539c0 method=com.sun.tools.javac.code.Types$DefaultTypeVisitor.visit(Lcom/sun/tools/javac/code/Type;Ljava/lang/Object;)Ljava/lang/Object; @ 3 c2
Event: 15.086 Thread 0x00000191bdf9a000 DEOPT PACKING pc=0x00000191ce2539c0 sp=0x00000033d1dfc7f0
Event: 15.086 Thread 0x00000191bdf9a000 DEOPT UNPACKING pc=0x00000191c64f912f sp=0x00000033d1dfc780 mode 2
Event: 15.086 Thread 0x00000191bdf9a000 Uncommon trap: trap_request=0xffffffc6 fr.pc=0x00000191ce2539c0 relative=0x00000000000000a0
Event: 15.086 Thread 0x00000191bdf9a000 Uncommon trap: reason=bimorphic_or_optimized_type_check action=maybe_recompile pc=0x00000191ce2539c0 method=com.sun.tools.javac.code.Types$DefaultTypeVisitor.visit(Lcom/sun/tools/javac/code/Type;Ljava/lang/Object;)Ljava/lang/Object; @ 3 c2
Event: 15.086 Thread 0x00000191bdf9a000 DEOPT PACKING pc=0x00000191ce2539c0 sp=0x00000033d1dfc7f0
Event: 15.086 Thread 0x00000191bdf9a000 DEOPT UNPACKING pc=0x00000191c64f912f sp=0x00000033d1dfc780 mode 2
Event: 15.086 Thread 0x00000191bdf9a000 Uncommon trap: trap_request=0xffffffc6 fr.pc=0x00000191ce2539c0 relative=0x00000000000000a0
Event: 15.086 Thread 0x00000191bdf9a000 Uncommon trap: reason=bimorphic_or_optimized_type_check action=maybe_recompile pc=0x00000191ce2539c0 method=com.sun.tools.javac.code.Types$DefaultTypeVisitor.visit(Lcom/sun/tools/javac/code/Type;Ljava/lang/Object;)Ljava/lang/Object; @ 3 c2
Event: 15.086 Thread 0x00000191bdf9a000 DEOPT PACKING pc=0x00000191ce2539c0 sp=0x00000033d1dfc7f0
Event: 15.087 Thread 0x00000191bdf9a000 DEOPT UNPACKING pc=0x00000191c64f912f sp=0x00000033d1dfc780 mode 2
Event: 15.090 Thread 0x00000191bdf9a000 Uncommon trap: trap_request=0xffffff45 fr.pc=0x00000191ce1b317c relative=0x0000000000000bfc
Event: 15.090 Thread 0x00000191bdf9a000 Uncommon trap: reason=unstable_if action=reinterpret pc=0x00000191ce1b317c method=com.sun.tools.javac.code.Scope$ScopeImpl.dble()V @ 39 c2
Event: 15.090 Thread 0x00000191bdf9a000 DEOPT PACKING pc=0x00000191ce1b317c sp=0x00000033d1dfc5d0
Event: 15.090 Thread 0x00000191bdf9a000 DEOPT UNPACKING pc=0x00000191c64f912f sp=0x00000033d1dfc518 mode 2
Event: 15.676 Thread 0x00000191bdf9a000 DEOPT PACKING pc=0x00000191c7266ef1 sp=0x00000033d1dfce70
Event: 15.676 Thread 0x00000191bdf9a000 DEOPT UNPACKING pc=0x00000191c64f964e sp=0x00000033d1dfc2c8 mode 0
Event: 15.707 Thread 0x00000191bdf9a000 DEOPT PACKING pc=0x00000191c75dfede sp=0x00000033d1dfd190
Event: 15.707 Thread 0x00000191bdf9a000 DEOPT UNPACKING pc=0x00000191c64f964e sp=0x00000033d1dfc628 mode 0

Classes unloaded (0 events):
No events

Classes redefined (0 events):
No events

Internal exceptions (20 events):
Event: 8.780 Thread 0x00000191bdf9a000 Exception <a 'sun/nio/fs/WindowsException'{0x0000000087a47860}> (0x0000000087a47860) 
thrown [t:/workspace/open/src/hotspot/share/prims/jni.cpp, line 598]
Event: 8.781 Thread 0x00000191bdf9a000 Exception <a 'sun/nio/fs/WindowsException'{0x0000000087a5a2a8}> (0x0000000087a5a2a8) 
thrown [t:/workspace/open/src/hotspot/share/prims/jni.cpp, line 598]
Event: 8.781 Thread 0x00000191bdf9a000 Exception <a 'sun/nio/fs/WindowsException'{0x0000000087a5a558}> (0x0000000087a5a558) 
thrown [t:/workspace/open/src/hotspot/share/prims/jni.cpp, line 598]
Event: 8.781 Thread 0x00000191bdf9a000 Exception <a 'sun/nio/fs/WindowsException'{0x0000000087a5b468}> (0x0000000087a5b468) 
thrown [t:/workspace/open/src/hotspot/share/prims/jni.cpp, line 598]
Event: 8.781 Thread 0x00000191bdf9a000 Exception <a 'sun/nio/fs/WindowsException'{0x0000000087a5b798}> (0x0000000087a5b798) 
thrown [t:/workspace/open/src/hotspot/share/prims/jni.cpp, line 598]
Event: 10.196 Thread 0x00000191bdf9a000 Implicit null exception at 0x00000191ce254c19 to 0x00000191ce255313
Event: 15.019 Thread 0x00000191bdf9a000 Exception <a 'sun/nio/fs/WindowsException'{0x000000008f5879f0}> (0x000000008f5879f0) 
thrown [t:/workspace/open/src/hotspot/share/prims/jni.cpp, line 598]
Event: 15.022 Thread 0x00000191bdf9a000 Implicit null exception at 0x00000191ce30029e to 0x00000191ce30082a
Event: 15.022 Thread 0x00000191bdf9a000 Exception <a 'sun/nio/fs/WindowsException'{0x000000008f5ab708}> (0x000000008f5ab708) 
thrown [t:/workspace/open/src/hotspot/share/prims/jni.cpp, line 598]
Event: 15.023 Thread 0x00000191bdf9a000 Exception <a 'sun/nio/fs/WindowsException'{0x000000008f5b1270}> (0x000000008f5b1270) 
thrown [t:/workspace/open/src/hotspot/share/prims/jni.cpp, line 598]
Event: 15.024 Thread 0x00000191bdf9a000 Exception <a 'sun/nio/fs/WindowsException'{0x000000008f5b2568}> (0x000000008f5b2568) 
thrown [t:/workspace/open/src/hotspot/share/prims/jni.cpp, line 598]
Event: 15.027 Thread 0x00000191bdf9a000 Exception <a 'sun/nio/fs/WindowsException'{0x000000008f5b98e0}> (0x000000008f5b98e0) 
thrown [t:/workspace/open/src/hotspot/share/prims/jni.cpp, line 598]
Event: 15.027 Thread 0x00000191bdf9a000 Exception <a 'sun/nio/fs/WindowsException'{0x000000008f5b9b10}> (0x000000008f5b9b10) 
thrown [t:/workspace/open/src/hotspot/share/prims/jni.cpp, line 598]
Event: 15.027 Thread 0x00000191bdf9a000 Exception <a 'sun/nio/fs/WindowsException'{0x000000008f5bae58}> (0x000000008f5bae58) 
thrown [t:/workspace/open/src/hotspot/share/prims/jni.cpp, line 598]
Event: 15.027 Thread 0x00000191bdf9a000 Exception <a 'sun/nio/fs/WindowsException'{0x000000008f5baff0}> (0x000000008f5baff0) 
thrown [t:/workspace/open/src/hotspot/share/prims/jni.cpp, line 598]
Event: 15.027 Thread 0x00000191bdf9a000 Exception <a 'sun/nio/fs/WindowsException'{0x000000008f5bc920}> (0x000000008f5bc920) 
thrown [t:/workspace/open/src/hotspot/share/prims/jni.cpp, line 598]
Event: 15.027 Thread 0x00000191bdf9a000 Exception <a 'sun/nio/fs/WindowsException'{0x000000008f5bcb48}> (0x000000008f5bcb48) 
thrown [t:/workspace/open/src/hotspot/share/prims/jni.cpp, line 598]
Event: 15.027 Thread 0x00000191bdf9a000 Exception <a 'sun/nio/fs/WindowsException'{0x000000008f5bdf18}> (0x000000008f5bdf18) 
thrown [t:/workspace/open/src/hotspot/share/prims/jni.cpp, line 598]
Event: 15.027 Thread 0x00000191bdf9a000 Exception <a 'sun/nio/fs/WindowsException'{0x000000008f5be1c8}> (0x000000008f5be1c8) 
thrown [t:/workspace/open/src/hotspot/share/prims/jni.cpp, line 598]
Event: 15.042 Thread 0x00000191bdf9a000 Exception <a 'sun/nio/fs/WindowsException'{0x000000008f410ac8}> (0x000000008f410ac8) 
thrown [t:/workspace/open/src/hotspot/share/prims/jni.cpp, line 598]

Events (20 events):
Event: 13.955 Thread 0x00000191dcd3c800 flushing nmethod 0x00000191c780b210
Event: 14.119 Thread 0x00000191dfc14000 Thread exited: 0x00000191dfc14000
Event: 14.215 Executing VM operation: G1CollectForAllocation
Event: 14.242 Executing VM operation: G1CollectForAllocation done
Event: 14.422 Thread 0x00000191dfc12800 Thread added: 0x00000191dfc12800
Event: 14.937 Executing VM operation: G1CollectForAllocation
Event: 14.971 Executing VM operation: G1CollectForAllocation done
Event: 15.043 loading class java/io/FilterWriter
Event: 15.044 loading class java/io/FilterWriter done
Event: 15.047 loading class lombok/launch/AnnotationProcessorHider$ClaimingProcessor
Event: 15.047 loading class lombok/launch/AnnotationProcessorHider$ClaimingProcessor done
Event: 15.066 loading class com/sun/tools/javac/code/Symtab
Event: 15.066 loading class com/sun/tools/javac/code/Symtab done
Event: 15.160 Executing VM operation: ICBufferFull
Event: 15.160 Executing VM operation: ICBufferFull done
Event: 15.363 loading class com/sun/tools/javac/comp/TypeEnter
Event: 15.363 loading class com/sun/tools/javac/comp/TypeEnter done
Event: 15.363 loading class com/sun/tools/javac/tree/JCTree$JCCompilationUnit
Event: 15.363 loading class com/sun/tools/javac/tree/JCTree$JCCompilationUnit done
Event: 15.804 Executing VM operation: G1CollectForAllocation


Dynamic libraries:
0x00007ff7a37a0000 - 0x00007ff7a37af000 	C:\Program Files\Java\jdk-13.0.2\bin\java.exe
0x00007ffb5de50000 - 0x00007ffb5e045000 	C:\WINDOWS\SYSTEM32\ntdll.dll
0x00007ffb5c5c0000 - 0x00007ffb5c67d000 	C:\WINDOWS\System32\KERNEL32.DLL
0x00007ffb5b770000 - 0x00007ffb5ba38000 	C:\WINDOWS\System32\KERNELBASE.dll
0x00007ffb5bb40000 - 0x00007ffb5bc40000 	C:\WINDOWS\System32\ucrtbase.dll
0x00007ffb57b80000 - 0x00007ffb57b98000 	C:\Program Files\Java\jdk-13.0.2\bin\jli.dll
0x00007ffb5bf10000 - 0x00007ffb5bfbc000 	C:\WINDOWS\System32\ADVAPI32.dll
0x00007ffb5dd10000 - 0x00007ffb5ddae000 	C:\WINDOWS\System32\msvcrt.dll
0x00007ffb5cf50000 - 0x00007ffb5cfeb000 	C:\WINDOWS\System32\sechost.dll
0x00007ffb5d080000 - 0x00007ffb5d1ab000 	C:\WINDOWS\System32\RPCRT4.dll
0x00007ffb5d620000 - 0x00007ffb5d7c0000 	C:\WINDOWS\System32\USER32.dll
0x00007ffb5bd50000 - 0x00007ffb5bd72000 	C:\WINDOWS\System32\win32u.dll
0x00007ffb5dce0000 - 0x00007ffb5dd0a000 	C:\WINDOWS\System32\GDI32.dll
0x00007ffb5bc40000 - 0x00007ffb5bd4b000 	C:\WINDOWS\System32\gdi32full.dll
0x00007ffb5bd80000 - 0x00007ffb5be1d000 	C:\WINDOWS\System32\msvcp_win.dll
0x00007ffb57c00000 - 0x00007ffb57c15000 	C:\Program Files\Java\jdk-13.0.2\bin\VCRUNTIME140.dll
0x00007ffb4bb60000 - 0x00007ffb4bdfa000 	C:\WINDOWS\WinSxS\amd64_microsoft.windows.common-controls_6595b64144ccf1df_6.0.19041.844_none_ca00b6081b84eb1d\COMCTL32.dll
0x00007ffb4cb60000 - 0x00007ffb4cb6a000 	C:\WINDOWS\SYSTEM32\VERSION.dll
0x00007ffb5c7d0000 - 0x00007ffb5c800000 	C:\WINDOWS\System32\IMM32.DLL
0x00007ffb4f390000 - 0x00007ffb4f42b000 	C:\Program Files\Java\jdk-13.0.2\bin\msvcp140.dll
0x00007ffb08400000 - 0x00007ffb08f5d000 	C:\Program Files\Java\jdk-13.0.2\bin\server\jvm.dll
0x00007ffb5c6e0000 - 0x00007ffb5c6e8000 	C:\WINDOWS\System32\PSAPI.DLL
0x00007ffb49820000 - 0x00007ffb49829000 	C:\WINDOWS\SYSTEM32\WSOCK32.dll
0x00007ffb5dba0000 - 0x00007ffb5dc0b000 	C:\WINDOWS\System32\WS2_32.dll
0x00007ffb4bf50000 - 0x00007ffb4bf77000 	C:\WINDOWS\SYSTEM32\WINMM.dll
0x00007ffb594e0000 - 0x00007ffb594f2000 	C:\WINDOWS\SYSTEM32\kernel.appcore.dll
0x00007ffb57bb0000 - 0x00007ffb57bc0000 	C:\Program Files\Java\jdk-13.0.2\bin\verify.dll
0x00007ffb58860000 - 0x00007ffb58a44000 	C:\WINDOWS\SYSTEM32\DBGHELP.DLL
0x00007ffb4c770000 - 0x00007ffb4c79c000 	C:\WINDOWS\SYSTEM32\dbgcore.DLL
0x00007ffb5b6f0000 - 0x00007ffb5b770000 	C:\WINDOWS\System32\bcryptPrimitives.dll
0x00007ffb57bd0000 - 0x00007ffb57bf6000 	C:\Program Files\Java\jdk-13.0.2\bin\java.dll
0x00007ffb566d0000 - 0x00007ffb566e7000 	C:\Program Files\Java\jdk-13.0.2\bin\zip.dll
0x00007ffb57ba0000 - 0x00007ffb57baa000 	C:\Program Files\Java\jdk-13.0.2\bin\jimage.dll
0x00007ffb5c800000 - 0x00007ffb5cf42000 	C:\WINDOWS\System32\SHELL32.dll
0x00007ffb596e0000 - 0x00007ffb59e70000 	C:\WINDOWS\SYSTEM32\windows.storage.dll
0x00007ffb5bfd0000 - 0x00007ffb5c325000 	C:\WINDOWS\System32\combase.dll
0x00007ffb5b000000 - 0x00007ffb5b02c000 	C:\WINDOWS\SYSTEM32\Wldp.dll
0x00007ffb5c510000 - 0x00007ffb5c5be000 	C:\WINDOWS\System32\SHCORE.dll
0x00007ffb5ddb0000 - 0x00007ffb5de05000 	C:\WINDOWS\System32\shlwapi.dll
0x00007ffb5b4d0000 - 0x00007ffb5b4ef000 	C:\WINDOWS\SYSTEM32\profapi.dll
0x00007ffb56010000 - 0x00007ffb56029000 	C:\Program Files\Java\jdk-13.0.2\bin\net.dll
0x00007ffb553b0000 - 0x00007ffb554bb000 	C:\WINDOWS\SYSTEM32\WINHTTP.dll
0x00007ffb5ad70000 - 0x00007ffb5adda000 	C:\WINDOWS\system32\mswsock.dll
0x00007ffb55ef0000 - 0x00007ffb55f03000 	C:\Program Files\Java\jdk-13.0.2\bin\nio.dll

dbghelp: loaded successfully - version: 4.0.5 - missing functions: none
symbol engine: initialized successfully - sym options: 0x614 - pdb path: .;C:\Program Files\Java\jdk-13.0.2\bin;C:\WINDOWS\SYSTEM32;C:\WINDOWS\WinSxS\amd64_microsoft.windows.common-controls_6595b64144ccf1df_6.0.19041.844_none_ca00b6081b84eb1d;C:\Program Files\Java\jdk-13.0.2\bin\server

VM Arguments:
jvm_args: -Dclassworlds.conf=C:\Program Files\NetBeans-11.2\netbeans\java\maven\bin\m2.conf -Dmaven.home=C:\Program Files\NetBeans-11.2\netbeans\java\maven -Dmaven.multiModuleProjectDirectory=D:\CTS\ctsnew 
java_command: org.codehaus.plexus.classworlds.launcher.Launcher -Dspring-boot.run.jvmArguments=-noverify -XX:TieredStopAtLevel=1 -Dspring-boot.run.mainClass=com.sprsecu.sprjwtangu.SprjwtanguApplication -Dmaven.ext.class.path=C:\Program Files\NetBeans-11.2\netbeans\java\maven-nblib\netbeans-eventspy.jar -Dfile.encoding=UTF-8 spring-boot:run
java_class_path (initial): C:\Program Files\NetBeans-11.2\netbeans\java\maven\boot\plexus-classworlds-2.5.2.jar
Launcher Type: SUN_STANDARD

[Global flags]
     intx CICompilerCount                          = 3                                         {product} {ergonomic}
     uint ConcGCThreads                            = 1                                         {product} {ergonomic}
     uint G1ConcRefinementThreads                  = 4                                         {product} {ergonomic}
   size_t G1HeapRegionSize                         = 1048576                                   {product} {ergonomic}
    uintx GCDrainStackTargetSize                   = 64                                        {product} {ergonomic}
   size_t InitialHeapSize                          = 132120576                                 {product} {ergonomic}
   size_t MarkStackSize                            = 4194304                                   {product} {ergonomic}
   size_t MaxHeapSize                              = 2111832064                                {product} {ergonomic}
   size_t MaxNewSize                               = 1266679808                                {product} {ergonomic}
   size_t MinHeapDeltaBytes                        = 1048576                                   {product} {ergonomic}
   size_t MinHeapSize                              = 8388608                                   {product} {ergonomic}
    uintx NonNMethodCodeHeapSize                   = 5832780                                {pd product} {ergonomic}
    uintx NonProfiledCodeHeapSize                  = 122912730                              {pd product} {ergonomic}
    uintx ProfiledCodeHeapSize                     = 122912730                              {pd product} {ergonomic}
    uintx ReservedCodeCacheSize                    = 251658240                              {pd product} {ergonomic}
     bool SegmentedCodeCache                       = true                                      {product} {ergonomic}
   size_t SoftMaxHeapSize                          = 2111832064                             {manageable} {ergonomic}
     bool UseCompressedClassPointers               = true                                 {lp64_product} {ergonomic}
     bool UseCompressedOops                        = true                                 {lp64_product} {ergonomic}
     bool UseG1GC                                  = true                                      {product} {ergonomic}
     bool UseLargePagesIndividualAllocation        = false                                  {pd product} {ergonomic}

Logging:
Log output configuration:
 #0: stdout all=warning uptime,level,tags
 #1: stderr all=off uptime,level,tags

Environment Variables:
JAVA_HOME=C:\Program Files\Java\jdk-13.0.2
PATH=C:\Program Files (x86)\Common Files\Oracle\Java\javapath;C:\WINDOWS\system32;C:\WINDOWS;C:\WINDOWS\System32\Wbem;C:\WINDOWS\System32\WindowsPowerShell\v1.0\;C:\WINDOWS\System32\OpenSSH\;C:\Program Files\nodejs\;C:\Program Files\PuTTY\;C:\Program Files (x86)\Windows Kits\10\Windows Performance Toolkit\;C:\Program Files\Git\cmd;C:\Users\user\AppData\Local\Microsoft\WindowsApps;;C:\Users\user\AppData\Local\Programs\Microsoft VS Code\bin;C:\Users\user\AppData\Roaming\npm
USERNAME=user
OS=Windows_NT
PROCESSOR_IDENTIFIER=Intel64 Family 6 Model 58 Stepping 9, GenuineIntel



---------------  S Y S T E M  ---------------

OS: Windows 10 , 64 bit Build 19041 (10.0.19041.928)

CPU:total 4 (initial active 4) (2 cores per cpu, 2 threads per core) family 6 model 58 stepping 9, cmov, cx8, fxsr, mmx, sse, sse2, sse3, ssse3, sse4.1, sse4.2, popcnt, avx, aes, clmul, erms, ht, tsc, tscinvbit, tscinv

Memory: 4k page, system-wide physical 8055M (538M free)
TotalPageFile size 10055M (AvailPageFile size 165M)
current process WorkingSet (physical memory assigned to process): 378M, peak: 380M
current process commit charge ("private bytes"): 412M, peak: 583M

vm_info: Java HotSpot(TM) 64-Bit Server VM (13.0.2+8) for windows-amd64 JRE (13.0.2+8), built on Dec 11 2019 09:20:33 by "mach5one" with unknown MS VC++:1916

END.
